(node:31736) Warning: Accessing non-existent property 'padLevels' of module exports inside circular dependency
(Use `node --trace-warnings ...` to show where the warning was created)
[31merror: [39mError: The hook `orm` is taking too long to load.
Make sure it is triggering its `initialize()` callback, or else set `sails.config.orm._hookTimeout to a higher value (currently 20000)
    at Timeout.tooLong [as _onTimeout] (D:\Intern-JITS\Mini-Wallet\node_modules\sails\lib\app\private\loadHooks.js:85:21)
    at listOnTimeout (node:internal/timers:569:17)
    at process.processTimers (node:internal/timers:512:7)
[31merror: [39mA hook (`orm`) failed to load!
D:\Intern-JITS\Mini-Wallet\node_modules\sails\node_modules\async\lib\async.js:43
            if (fn === null) throw new Error("Callback was already called.");
                             ^

Error: Callback was already called.
    at D:\Intern-JITS\Mini-Wallet\node_modules\sails\node_modules\async\lib\async.js:43:36
    at D:\Intern-JITS\Mini-Wallet\node_modules\sails\lib\app\private\loadHooks.js:99:18
    at D:\Intern-JITS\Mini-Wallet\node_modules\sails\node_modules\sails-hook-orm\node_modules\async\lib\async.js:52:16
    at D:\Intern-JITS\Mini-Wallet\node_modules\sails\node_modules\sails-hook-orm\node_modules\async\lib\async.js:570:21
    at D:\Intern-JITS\Mini-Wallet\node_modules\sails\node_modules\sails-hook-orm\node_modules\async\lib\async.js:167:37
    at async.auto._buildOntology (D:\Intern-JITS\Mini-Wallet\node_modules\sails\node_modules\sails-hook-orm\lib\initialize.js:385:16)
    at listener (D:\Intern-JITS\Mini-Wallet\node_modules\sails\node_modules\sails-hook-orm\node_modules\async\lib\async.js:605:42)
    at D:\Intern-JITS\Mini-Wallet\node_modules\sails\node_modules\sails-hook-orm\node_modules\async\lib\async.js:544:17
    at _arrayEach (D:\Intern-JITS\Mini-Wallet\node_modules\sails\node_modules\sails-hook-orm\node_modules\async\lib\async.js:85:13)
    at Immediate.taskComplete (D:\Intern-JITS\Mini-Wallet\node_modules\sails\node_modules\sails-hook-orm\node_modules\async\lib\async.js:543:13)
    at process.processImmediate (node:internal/timers:476:21)
    at process.topLevelDomainCallback (node:domain:161:15)
    at process.callbackTrampoline (node:internal/async_hooks:126:24)

Node.js v18.20.4
